{"level":"error","message":"getaddrinfo ENOTFOUND mysql57"}
{"level":"error","message":"getaddrinfo ENOTFOUND mysql57"}
{"level":"error","message":"getaddrinfo ENOTFOUND mysql57"}
{"level":"error","message":"getaddrinfo ENOTFOUND mysql57"}
{"level":"error","message":"getaddrinfo ENOTFOUND mysql57"}
{"level":"error","message":"getaddrinfo ENOTFOUND mysql57"}
{"level":"info","message":"DB Dropped!"}
{"level":"info","message":"Running on PORT 3000"}
{"level":"info","message":"Running on PORT 3000"}
{"level":"info","message":"Running on PORT 3000"}
{"level":"info","message":"Running on PORT 3000"}
{"level":"info","message":"Running on PORT 3000"}
{"level":"info","message":"Running on PORT 3000"}
{"level":"info","message":"Running on PORT 3000"}
{"level":"info","message":"Running on PORT 3000"}
{"level":"info","message":"Running on PORT 3000"}
{"level":"info","message":"Running on PORT 3000"}
{"level":"info","message":"Running on PORT 3000"}
{"level":"info","message":"Running on PORT 3000"}
{"level":"info","message":"Running on PORT 3000"}
{"level":"error","message":""}
{"level":"error","message":""}
{"level":"error","message":""}
{"level":"error","message":""}
{"level":"error","message":""}
{"level":"error","message":""}
{"level":"info","message":"DB created!"}
{"level":"info","message":"Database connected"}
{"level":"info","message":"Table users created!"}
{"level":"info","message":"Running on PORT 3000"}
{"level":"info","message":"Running on PORT 3000"}
{"level":"info","message":"Running on PORT 3000"}
{"level":"info","message":"Running on PORT 3000"}
{"level":"info","message":"Running on PORT 3000"}
{"level":"info","message":"Running on PORT 3000"}
{"level":"info","message":"Running on PORT 3000"}
{"level":"info","message":"Running on PORT 3000"}
{"level":"info","message":"Running on PORT 3000"}
{"level":"info","message":"Running on PORT 3000"}
{"level":"info","message":"Running on PORT 3000"}
{"level":"info","message":"Running on PORT 3000"}
{"level":"info","message":"Running on PORT 3000"}
{"level":"info","message":"Running on PORT 3000"}
{"level":"info","message":"Running on PORT 3000"}
{"level":"info","message":"Running on PORT 3000"}
{"level":"info","message":"Running on PORT 3000"}
{"level":"info","message":"Running on PORT 3000"}
{"level":"info","message":"Running on PORT 3000"}
{"level":"info","message":"Running on PORT 3000"}
{"level":"info","message":"Running on PORT 3000"}
{"level":"info","message":"Running on PORT 3000"}
{"level":"info","message":"Running on PORT 3000"}
{"level":"info","message":"Running on PORT 3000"}
{"level":"info","message":"Running on PORT 3000"}
{"level":"info","message":"Running on PORT 3000"}
{"level":"info","message":"Running on PORT 3000"}
{"level":"info","message":"Running on PORT 3000"}
{"level":"info","message":"Running on PORT 3000"}
{"level":"info","message":"Running on PORT 3000"}
{"level":"info","message":"Running on PORT 3000"}
{"level":"info","message":"Running on PORT 3000"}
{"level":"info","message":"Running on PORT 3000"}
{"level":"info","message":"Running on PORT 3000"}
{"level":"info","message":"Running on PORT 3000"}
{"level":"info","message":"Running on PORT 3000"}
{"level":"info","message":"Running on PORT 3000"}
{"level":"info","message":"Running on PORT 3000"}
{"level":"info","message":"Running on PORT 3000"}
{"level":"info","message":"Running on PORT 3000"}
{"level":"info","message":"Running on PORT 3000"}
{"level":"info","message":"Running on PORT 3000"}
{"level":"info","message":"Running on PORT 3000"}
{"level":"info","message":"Running on PORT 3000"}
{"level":"info","message":"Running on PORT 3000"}
{"level":"info","message":"Running on PORT 3000"}
{"level":"info","message":"Running on PORT 3000"}
{"level":"info","message":"Running on PORT 3000"}
{"level":"info","message":"Running on PORT 3000"}
{"level":"info","message":"Running on PORT 3000"}
{"level":"info","message":"Running on PORT 3000"}
{"level":"info","message":"Running on PORT 3000"}
{"level":"info","message":"DB Dropped!"}
{"level":"info","message":"DB Dropped!"}
{"level":"info","message":"Running on PORT 3000"}
{"level":"info","message":"Running on PORT 3000"}
{"level":"info","message":"Running on PORT 3000"}
{"level":"info","message":"Running on PORT 3000"}
{"level":"info","message":"Running on PORT 3000"}
{"level":"info","message":"Running on PORT 3000"}
{"level":"info","message":"Running on PORT 3000"}
{"level":"info","message":"Running on PORT 3000"}
{"level":"info","message":"Running on PORT 3000"}
{"level":"info","message":"Running on PORT 3000"}
{"level":"info","message":"Running on PORT 3000"}
{"level":"info","message":"Running on PORT 3000"}
{"level":"info","message":"Running on PORT 3000"}
{"level":"info","message":"Running on PORT 3000"}
{"level":"info","message":"Running on PORT 3000"}
{"level":"info","message":"Running on PORT 3000"}
{"level":"info","message":"Running on PORT 3000"}
{"level":"info","message":"Running on PORT 3000"}
{"level":"info","message":"Running on PORT 3000"}
{"level":"info","message":"Running on PORT 3000"}
{"level":"info","message":"Running on PORT 3000"}
{"level":"info","message":"Running on PORT 3000"}
{"level":"info","message":"Running on PORT 3000"}
{"level":"info","message":"Running on PORT 3000"}
{"level":"info","message":"Running on PORT 3000"}
{"level":"info","message":"Running on PORT 3000"}
{"level":"info","message":"Running on PORT 3000"}
{"level":"info","message":"Running on PORT 3000"}
{"level":"info","message":"Running on PORT 3000"}
{"level":"info","message":"Running on PORT 3000"}
{"level":"info","message":"Running on PORT 3000"}
{"level":"info","message":"Running on PORT 3000"}
{"level":"info","message":"Running on PORT 3000"}
{"level":"info","message":"Running on PORT 3000"}
{"level":"info","message":"Running on PORT 3000"}
{"level":"info","message":"Running on PORT 3000"}
{"level":"info","message":"Running on PORT 3000"}
{"level":"info","message":"Running on PORT 3000"}
{"level":"info","message":"Running on PORT 3000"}
{"level":"info","message":"Running on PORT 3000"}
{"level":"info","message":"Running on PORT 3000"}
{"level":"info","message":"Running on PORT 3000"}
{"level":"info","message":"Running on PORT 3000"}
{"level":"info","message":"Running on PORT 3000"}
{"level":"info","message":"Running on PORT 3000"}
{"level":"info","message":"Running on PORT 3000"}
{"level":"info","message":"Running on PORT 3000"}
{"level":"info","message":"Running on PORT 3000"}
